{"/Users/andreagiammarchi/code/classtrophobic/test.js":{"path":"/Users/andreagiammarchi/code/classtrophobic/test.js","s":{"1":1,"2":1,"3":1,"4":1,"5":1,"6":1,"7":1,"8":1,"9":1,"10":1,"11":2,"12":2,"13":1,"14":1,"15":1,"16":1,"17":1,"18":1,"19":1,"20":1,"21":1,"22":1,"23":1,"24":1,"25":1,"26":1,"27":1,"28":1,"29":1,"30":1,"31":1,"32":1,"33":4,"34":1,"35":1,"36":1,"37":1,"38":1,"39":1,"40":1,"41":1,"42":1,"43":1,"44":1,"45":2,"46":2,"47":1,"48":1,"49":1,"50":1,"51":0,"52":0,"53":1,"54":1,"55":1,"56":1,"57":1,"58":1,"59":1,"60":2,"61":1,"62":1,"63":1,"64":1,"65":1,"66":1,"67":2,"68":2,"69":1,"70":1,"71":1,"72":2,"73":2,"74":1,"75":1,"76":1,"77":1,"78":1,"79":1,"80":1,"81":1,"82":1,"83":1,"84":1,"85":1,"86":1,"87":1,"88":1,"89":1,"90":1,"91":1,"92":1,"93":1,"94":1,"95":1,"96":1,"97":1,"98":1,"99":1,"100":1,"101":1,"102":1,"103":1,"104":1,"105":1,"106":1,"107":1,"108":1,"109":1,"110":1,"111":1,"112":1,"113":1,"114":1,"115":1,"116":1,"117":1,"118":1,"119":1,"120":1,"121":1,"122":1,"123":1,"124":1,"125":1,"126":1,"127":1,"128":1,"129":1,"130":1,"131":1,"132":1,"133":1,"134":1,"135":1,"136":1,"137":1,"138":1,"139":1},"b":{},"f":{"1":2,"2":1,"3":4,"4":1,"5":2,"6":0,"7":1,"8":1,"9":2,"10":1,"11":1,"12":2,"13":1,"14":2,"15":1,"16":1,"17":1,"18":1,"19":1,"20":1,"21":1,"22":1,"23":1,"24":1,"25":1,"26":1},"fnMap":{"1":{"name":"(anonymous_1)","line":16,"loc":{"start":{"line":16,"column":13},"end":{"line":16,"column":26}}},"2":{"name":"(anonymous_2)","line":31,"loc":{"start":{"line":31,"column":10},"end":{"line":31,"column":13}}},"3":{"name":"(anonymous_3)","line":58,"loc":{"start":{"line":58,"column":13},"end":{"line":58,"column":23}}},"4":{"name":"(anonymous_4)","line":77,"loc":{"start":{"line":77,"column":13},"end":{"line":77,"column":23}}},"5":{"name":"(anonymous_5)","line":80,"loc":{"start":{"line":80,"column":6},"end":{"line":80,"column":16}}},"6":{"name":"(anonymous_6)","line":94,"loc":{"start":{"line":94,"column":6},"end":{"line":94,"column":16}}},"7":{"name":"(anonymous_7)","line":98,"loc":{"start":{"line":98,"column":7},"end":{"line":98,"column":17}}},"8":{"name":"(anonymous_8)","line":110,"loc":{"start":{"line":110,"column":8},"end":{"line":110,"column":11}}},"9":{"name":"(anonymous_9)","line":111,"loc":{"start":{"line":111,"column":7},"end":{"line":111,"column":10}}},"10":{"name":"(anonymous_10)","line":115,"loc":{"start":{"line":115,"column":8},"end":{"line":115,"column":11}}},"11":{"name":"(anonymous_11)","line":122,"loc":{"start":{"line":122,"column":8},"end":{"line":122,"column":11}}},"12":{"name":"(anonymous_12)","line":126,"loc":{"start":{"line":126,"column":7},"end":{"line":126,"column":10}}},"13":{"name":"(anonymous_13)","line":133,"loc":{"start":{"line":133,"column":8},"end":{"line":133,"column":11}}},"14":{"name":"(anonymous_14)","line":137,"loc":{"start":{"line":137,"column":7},"end":{"line":137,"column":10}}},"15":{"name":"(anonymous_15)","line":144,"loc":{"start":{"line":144,"column":8},"end":{"line":144,"column":11}}},"16":{"name":"(anonymous_16)","line":161,"loc":{"start":{"line":161,"column":13},"end":{"line":161,"column":16}}},"17":{"name":"(anonymous_17)","line":167,"loc":{"start":{"line":167,"column":13},"end":{"line":167,"column":16}}},"18":{"name":"(anonymous_18)","line":174,"loc":{"start":{"line":174,"column":13},"end":{"line":174,"column":16}}},"19":{"name":"(anonymous_19)","line":187,"loc":{"start":{"line":187,"column":10},"end":{"line":187,"column":13}}},"20":{"name":"(anonymous_20)","line":195,"loc":{"start":{"line":195,"column":10},"end":{"line":195,"column":13}}},"21":{"name":"(anonymous_21)","line":204,"loc":{"start":{"line":204,"column":10},"end":{"line":204,"column":13}}},"22":{"name":"(anonymous_22)","line":218,"loc":{"start":{"line":218,"column":10},"end":{"line":218,"column":13}}},"23":{"name":"(anonymous_23)","line":229,"loc":{"start":{"line":229,"column":10},"end":{"line":229,"column":13}}},"24":{"name":"(anonymous_24)","line":238,"loc":{"start":{"line":238,"column":10},"end":{"line":238,"column":13}}},"25":{"name":"(anonymous_25)","line":255,"loc":{"start":{"line":255,"column":13},"end":{"line":255,"column":23}}},"26":{"name":"(anonymous_26)","line":269,"loc":{"start":{"line":269,"column":13},"end":{"line":269,"column":23}}}},"statementMap":{"1":{"start":{"line":1,"column":0},"end":{"line":1,"column":37}},"2":{"start":{"line":2,"column":0},"end":{"line":2,"column":42}},"3":{"start":{"line":3,"column":0},"end":{"line":3,"column":8}},"4":{"start":{"line":5,"column":0},"end":{"line":5,"column":37}},"5":{"start":{"line":6,"column":0},"end":{"line":6,"column":31}},"6":{"start":{"line":8,"column":0},"end":{"line":8,"column":26}},"7":{"start":{"line":9,"column":0},"end":{"line":9,"column":29}},"8":{"start":{"line":10,"column":0},"end":{"line":10,"column":53}},"9":{"start":{"line":14,"column":0},"end":{"line":14,"column":30}},"10":{"start":{"line":15,"column":0},"end":{"line":20,"column":3}},"11":{"start":{"line":17,"column":4},"end":{"line":17,"column":19}},"12":{"start":{"line":18,"column":4},"end":{"line":18,"column":23}},"13":{"start":{"line":21,"column":0},"end":{"line":21,"column":47}},"14":{"start":{"line":22,"column":0},"end":{"line":22,"column":46}},"15":{"start":{"line":23,"column":0},"end":{"line":23,"column":36}},"16":{"start":{"line":24,"column":0},"end":{"line":24,"column":42}},"17":{"start":{"line":28,"column":0},"end":{"line":28,"column":26}},"18":{"start":{"line":29,"column":0},"end":{"line":34,"column":3}},"19":{"start":{"line":32,"column":4},"end":{"line":32,"column":39}},"20":{"start":{"line":35,"column":0},"end":{"line":35,"column":62}},"21":{"start":{"line":39,"column":0},"end":{"line":39,"column":29}},"22":{"start":{"line":40,"column":0},"end":{"line":42,"column":3}},"23":{"start":{"line":44,"column":0},"end":{"line":44,"column":51}},"24":{"start":{"line":45,"column":0},"end":{"line":45,"column":59}},"25":{"start":{"line":46,"column":0},"end":{"line":46,"column":27}},"26":{"start":{"line":47,"column":0},"end":{"line":47,"column":33}},"27":{"start":{"line":48,"column":0},"end":{"line":48,"column":39}},"28":{"start":{"line":49,"column":0},"end":{"line":49,"column":33}},"29":{"start":{"line":50,"column":0},"end":{"line":50,"column":42}},"30":{"start":{"line":51,"column":0},"end":{"line":51,"column":54}},"31":{"start":{"line":55,"column":0},"end":{"line":55,"column":30}},"32":{"start":{"line":56,"column":0},"end":{"line":61,"column":3}},"33":{"start":{"line":59,"column":4},"end":{"line":59,"column":31}},"34":{"start":{"line":63,"column":0},"end":{"line":63,"column":52}},"35":{"start":{"line":64,"column":0},"end":{"line":64,"column":52}},"36":{"start":{"line":65,"column":0},"end":{"line":65,"column":28}},"37":{"start":{"line":66,"column":0},"end":{"line":66,"column":33}},"38":{"start":{"line":67,"column":0},"end":{"line":67,"column":29}},"39":{"start":{"line":68,"column":0},"end":{"line":68,"column":40}},"40":{"start":{"line":69,"column":0},"end":{"line":69,"column":33}},"41":{"start":{"line":70,"column":0},"end":{"line":70,"column":42}},"42":{"start":{"line":74,"column":0},"end":{"line":74,"column":31}},"43":{"start":{"line":75,"column":0},"end":{"line":84,"column":3}},"44":{"start":{"line":78,"column":4},"end":{"line":78,"column":31}},"45":{"start":{"line":81,"column":4},"end":{"line":81,"column":29}},"46":{"start":{"line":82,"column":4},"end":{"line":82,"column":16}},"47":{"start":{"line":86,"column":0},"end":{"line":86,"column":29}},"48":{"start":{"line":87,"column":0},"end":{"line":87,"column":48}},"49":{"start":{"line":91,"column":0},"end":{"line":91,"column":25}},"50":{"start":{"line":92,"column":0},"end":{"line":101,"column":3}},"51":{"start":{"line":95,"column":4},"end":{"line":95,"column":29}},"52":{"start":{"line":96,"column":4},"end":{"line":96,"column":16}},"53":{"start":{"line":99,"column":4},"end":{"line":99,"column":36}},"54":{"start":{"line":102,"column":0},"end":{"line":102,"column":26}},"55":{"start":{"line":103,"column":0},"end":{"line":103,"column":35}},"56":{"start":{"line":107,"column":0},"end":{"line":107,"column":26}},"57":{"start":{"line":108,"column":0},"end":{"line":108,"column":9}},"58":{"start":{"line":109,"column":0},"end":{"line":112,"column":3}},"59":{"start":{"line":110,"column":13},"end":{"line":110,"column":27}},"60":{"start":{"line":111,"column":12},"end":{"line":111,"column":27}},"61":{"start":{"line":113,"column":0},"end":{"line":119,"column":3}},"62":{"start":{"line":116,"column":4},"end":{"line":116,"column":24}},"63":{"start":{"line":117,"column":4},"end":{"line":117,"column":18}},"64":{"start":{"line":120,"column":0},"end":{"line":130,"column":3}},"65":{"start":{"line":123,"column":4},"end":{"line":123,"column":24}},"66":{"start":{"line":124,"column":4},"end":{"line":124,"column":18}},"67":{"start":{"line":127,"column":4},"end":{"line":127,"column":23}},"68":{"start":{"line":128,"column":4},"end":{"line":128,"column":19}},"69":{"start":{"line":131,"column":0},"end":{"line":141,"column":3}},"70":{"start":{"line":134,"column":4},"end":{"line":134,"column":24}},"71":{"start":{"line":135,"column":4},"end":{"line":135,"column":18}},"72":{"start":{"line":138,"column":4},"end":{"line":138,"column":23}},"73":{"start":{"line":139,"column":4},"end":{"line":139,"column":19}},"74":{"start":{"line":142,"column":0},"end":{"line":148,"column":3}},"75":{"start":{"line":145,"column":4},"end":{"line":145,"column":24}},"76":{"start":{"line":146,"column":4},"end":{"line":146,"column":18}},"77":{"start":{"line":150,"column":0},"end":{"line":150,"column":17}},"78":{"start":{"line":151,"column":0},"end":{"line":151,"column":68}},"79":{"start":{"line":152,"column":0},"end":{"line":152,"column":16}},"80":{"start":{"line":153,"column":0},"end":{"line":153,"column":67}},"81":{"start":{"line":154,"column":0},"end":{"line":154,"column":16}},"82":{"start":{"line":155,"column":0},"end":{"line":155,"column":67}},"83":{"start":{"line":159,"column":0},"end":{"line":159,"column":35}},"84":{"start":{"line":160,"column":0},"end":{"line":164,"column":3}},"85":{"start":{"line":162,"column":4},"end":{"line":162,"column":19}},"86":{"start":{"line":165,"column":0},"end":{"line":171,"column":3}},"87":{"start":{"line":168,"column":4},"end":{"line":168,"column":17}},"88":{"start":{"line":169,"column":4},"end":{"line":169,"column":19}},"89":{"start":{"line":172,"column":0},"end":{"line":178,"column":3}},"90":{"start":{"line":175,"column":4},"end":{"line":175,"column":17}},"91":{"start":{"line":176,"column":4},"end":{"line":176,"column":19}},"92":{"start":{"line":179,"column":0},"end":{"line":179,"column":9}},"93":{"start":{"line":180,"column":0},"end":{"line":180,"column":67}},"94":{"start":{"line":184,"column":0},"end":{"line":184,"column":31}},"95":{"start":{"line":185,"column":0},"end":{"line":191,"column":3}},"96":{"start":{"line":188,"column":6},"end":{"line":188,"column":22}},"97":{"start":{"line":192,"column":0},"end":{"line":200,"column":3}},"98":{"start":{"line":196,"column":6},"end":{"line":196,"column":26}},"99":{"start":{"line":197,"column":6},"end":{"line":197,"column":22}},"100":{"start":{"line":201,"column":0},"end":{"line":209,"column":3}},"101":{"start":{"line":205,"column":6},"end":{"line":205,"column":26}},"102":{"start":{"line":206,"column":6},"end":{"line":206,"column":22}},"103":{"start":{"line":210,"column":0},"end":{"line":210,"column":13}},"104":{"start":{"line":211,"column":0},"end":{"line":211,"column":70}},"105":{"start":{"line":215,"column":0},"end":{"line":215,"column":30}},"106":{"start":{"line":216,"column":0},"end":{"line":222,"column":3}},"107":{"start":{"line":219,"column":6},"end":{"line":219,"column":22}},"108":{"start":{"line":223,"column":0},"end":{"line":225,"column":3}},"109":{"start":{"line":226,"column":0},"end":{"line":234,"column":3}},"110":{"start":{"line":230,"column":6},"end":{"line":230,"column":26}},"111":{"start":{"line":231,"column":6},"end":{"line":231,"column":22}},"112":{"start":{"line":235,"column":0},"end":{"line":243,"column":3}},"113":{"start":{"line":239,"column":6},"end":{"line":239,"column":26}},"114":{"start":{"line":240,"column":6},"end":{"line":240,"column":22}},"115":{"start":{"line":244,"column":0},"end":{"line":246,"column":3}},"116":{"start":{"line":247,"column":0},"end":{"line":247,"column":13}},"117":{"start":{"line":248,"column":0},"end":{"line":248,"column":70}},"118":{"start":{"line":252,"column":0},"end":{"line":252,"column":33}},"119":{"start":{"line":253,"column":0},"end":{"line":264,"column":3}},"120":{"start":{"line":256,"column":4},"end":{"line":256,"column":24}},"121":{"start":{"line":257,"column":4},"end":{"line":257,"column":46}},"122":{"start":{"line":258,"column":4},"end":{"line":258,"column":86}},"123":{"start":{"line":259,"column":4},"end":{"line":259,"column":23}},"124":{"start":{"line":260,"column":4},"end":{"line":260,"column":34}},"125":{"start":{"line":261,"column":4},"end":{"line":261,"column":83}},"126":{"start":{"line":262,"column":4},"end":{"line":262,"column":36}},"127":{"start":{"line":265,"column":0},"end":{"line":265,"column":35}},"128":{"start":{"line":266,"column":0},"end":{"line":274,"column":3}},"129":{"start":{"line":270,"column":4},"end":{"line":270,"column":17}},"130":{"start":{"line":271,"column":4},"end":{"line":271,"column":48}},"131":{"start":{"line":272,"column":4},"end":{"line":272,"column":33}},"132":{"start":{"line":275,"column":0},"end":{"line":275,"column":27}},"133":{"start":{"line":276,"column":0},"end":{"line":276,"column":22}},"134":{"start":{"line":277,"column":0},"end":{"line":277,"column":25}},"135":{"start":{"line":278,"column":0},"end":{"line":278,"column":32}},"136":{"start":{"line":282,"column":0},"end":{"line":282,"column":16}},"137":{"start":{"line":283,"column":0},"end":{"line":283,"column":34}},"138":{"start":{"line":284,"column":0},"end":{"line":284,"column":30}},"139":{"start":{"line":285,"column":0},"end":{"line":285,"column":16}}},"branchMap":{}},"/Users/andreagiammarchi/code/classtrophobic/classtrophobic.js":{"path":"/Users/andreagiammarchi/code/classtrophobic/classtrophobic.js","s":{"1":1,"2":1,"3":1,"4":1,"5":1,"6":0,"7":1,"8":10,"9":9,"10":9,"11":1,"12":1,"13":0,"14":1,"15":1,"16":1,"17":1,"18":0,"19":0,"20":1,"21":1,"22":11,"23":11,"24":11,"25":11,"26":12,"27":11,"28":11,"29":11,"30":11,"31":4,"32":4,"33":4,"34":4,"35":1,"36":4,"37":4,"38":4,"39":4,"40":4,"41":1,"42":25,"43":9,"44":9,"45":9,"46":9,"47":3,"48":4,"49":11,"50":25,"51":46,"52":12,"53":12,"54":25,"55":25,"56":7,"57":7,"58":7,"59":25,"60":1,"61":1},"b":{"1":[9,1],"2":[10,9],"3":[0,1],"4":[0,0],"5":[8,17],"6":[6,2],"7":[9,0],"8":[9,9],"9":[3,3],"10":[13,4],"11":[19,6],"12":[19,6],"13":[19,6],"14":[7,18]},"f":{"1":9,"2":0,"3":11,"4":4,"5":25,"6":9,"7":0,"8":3,"9":4,"10":11},"fnMap":{"1":{"name":"(anonymous_1)","line":20,"loc":{"start":{"line":20,"column":17},"end":{"line":20,"column":29}}},"2":{"name":"(anonymous_2)","line":25,"loc":{"start":{"line":25,"column":45},"end":{"line":25,"column":57}}},"3":{"name":"(anonymous_3)","line":39,"loc":{"start":{"line":39,"column":37},"end":{"line":39,"column":49}}},"4":{"name":"(anonymous_4)","line":50,"loc":{"start":{"line":50,"column":37},"end":{"line":50,"column":49}}},"5":{"name":"Classtrophobic","line":62,"loc":{"start":{"line":62,"column":9},"end":{"line":62,"column":45}}},"6":{"name":"(anonymous_6)","line":70,"loc":{"start":{"line":70,"column":23},"end":{"line":70,"column":26}}},"7":{"name":"(anonymous_7)","line":71,"loc":{"start":{"line":71,"column":42},"end":{"line":71,"column":54}}},"8":{"name":"(anonymous_8)","line":81,"loc":{"start":{"line":81,"column":23},"end":{"line":81,"column":26}}},"9":{"name":"(anonymous_9)","line":86,"loc":{"start":{"line":86,"column":35},"end":{"line":86,"column":38}}},"10":{"name":"(anonymous_10)","line":87,"loc":{"start":{"line":87,"column":38},"end":{"line":87,"column":41}}}},"statementMap":{"1":{"start":{"line":2,"column":0},"end":{"line":103,"column":20}},"2":{"start":{"line":2,"column":37},"end":{"line":2,"column":50}},"3":{"start":{"line":3,"column":2},"end":{"line":61,"column":3}},"4":{"start":{"line":14,"column":32},"end":{"line":14,"column":65}},"5":{"start":{"line":15,"column":33},"end":{"line":15,"column":61}},"6":{"start":{"line":16,"column":35},"end":{"line":16,"column":56}},"7":{"start":{"line":17,"column":32},"end":{"line":17,"column":65}},"8":{"start":{"line":19,"column":8},"end":{"line":23,"column":9}},"9":{"start":{"line":20,"column":10},"end":{"line":22,"column":12}},"10":{"start":{"line":21,"column":12},"end":{"line":21,"column":71}},"11":{"start":{"line":24,"column":8},"end":{"line":24,"column":41}},"12":{"start":{"line":25,"column":8},"end":{"line":27,"column":18}},"13":{"start":{"line":26,"column":10},"end":{"line":26,"column":68}},"14":{"start":{"line":29,"column":42},"end":{"line":29,"column":57}},"15":{"start":{"line":30,"column":29},"end":{"line":30,"column":40}},"16":{"start":{"line":31,"column":21},"end":{"line":31,"column":43}},"17":{"start":{"line":32,"column":27},"end":{"line":32,"column":55}},"18":{"start":{"line":33,"column":22},"end":{"line":33,"column":38}},"19":{"start":{"line":34,"column":32},"end":{"line":34,"column":65}},"20":{"start":{"line":35,"column":24},"end":{"line":35,"column":45}},"21":{"start":{"line":36,"column":32},"end":{"line":36,"column":46}},"22":{"start":{"line":39,"column":37},"end":{"line":47,"column":7}},"23":{"start":{"line":40,"column":8},"end":{"line":40,"column":54}},"24":{"start":{"line":41,"column":8},"end":{"line":41,"column":35}},"25":{"start":{"line":42,"column":8},"end":{"line":43,"column":42}},"26":{"start":{"line":42,"column":13},"end":{"line":42,"column":34}},"27":{"start":{"line":44,"column":8},"end":{"line":45,"column":37}},"28":{"start":{"line":44,"column":14},"end":{"line":44,"column":72}},"29":{"start":{"line":45,"column":18},"end":{"line":45,"column":35}},"30":{"start":{"line":46,"column":8},"end":{"line":46,"column":22}},"31":{"start":{"line":50,"column":37},"end":{"line":58,"column":7}},"32":{"start":{"line":51,"column":8},"end":{"line":51,"column":53}},"33":{"start":{"line":52,"column":8},"end":{"line":52,"column":35}},"34":{"start":{"line":53,"column":8},"end":{"line":53,"column":63}},"35":{"start":{"line":53,"column":42},"end":{"line":53,"column":63}},"36":{"start":{"line":54,"column":8},"end":{"line":54,"column":35}},"37":{"start":{"line":55,"column":8},"end":{"line":56,"column":53}},"38":{"start":{"line":55,"column":14},"end":{"line":55,"column":76}},"39":{"start":{"line":56,"column":18},"end":{"line":56,"column":51}},"40":{"start":{"line":57,"column":8},"end":{"line":57,"column":22}},"41":{"start":{"line":62,"column":2},"end":{"line":102,"column":4}},"42":{"start":{"line":63,"column":4},"end":{"line":89,"column":5}},"43":{"start":{"line":71,"column":14},"end":{"line":71,"column":62}},"44":{"start":{"line":72,"column":14},"end":{"line":72,"column":35}},"45":{"start":{"line":73,"column":14},"end":{"line":73,"column":35}},"46":{"start":{"line":74,"column":14},"end":{"line":77,"column":31}},"47":{"start":{"line":82,"column":14},"end":{"line":82,"column":64}},"48":{"start":{"line":86,"column":40},"end":{"line":86,"column":79}},"49":{"start":{"line":87,"column":43},"end":{"line":87,"column":80}},"50":{"start":{"line":90,"column":4},"end":{"line":95,"column":9}},"51":{"start":{"line":91,"column":23},"end":{"line":91,"column":41}},"52":{"start":{"line":93,"column":8},"end":{"line":93,"column":47}},"53":{"start":{"line":94,"column":8},"end":{"line":94,"column":42}},"54":{"start":{"line":96,"column":4},"end":{"line":96,"column":41}},"55":{"start":{"line":97,"column":4},"end":{"line":100,"column":7}},"56":{"start":{"line":97,"column":17},"end":{"line":100,"column":7}},"57":{"start":{"line":98,"column":6},"end":{"line":98,"column":39}},"58":{"start":{"line":99,"column":6},"end":{"line":99,"column":37}},"59":{"start":{"line":101,"column":4},"end":{"line":101,"column":35}},"60":{"start":{"line":104,"column":0},"end":{"line":104,"column":45}},"61":{"start":{"line":104,"column":6},"end":{"line":104,"column":29}}},"branchMap":{"1":{"line":19,"type":"if","locations":[{"start":{"line":19,"column":8},"end":{"line":19,"column":8}},{"start":{"line":19,"column":8},"end":{"line":19,"column":8}}]},"2":{"line":19,"type":"binary-expr","locations":[{"start":{"line":19,"column":12},"end":{"line":19,"column":25}},{"start":{"line":19,"column":29},"end":{"line":19,"column":43}}]},"3":{"line":25,"type":"cond-expr","locations":[{"start":{"line":25,"column":45},"end":{"line":27,"column":9}},{"start":{"line":27,"column":12},"end":{"line":27,"column":17}}]},"4":{"line":26,"type":"cond-expr","locations":[{"start":{"line":26,"column":42},"end":{"line":26,"column":48}},{"start":{"line":26,"column":51},"end":{"line":26,"column":55}}]},"5":{"line":67,"type":"cond-expr","locations":[{"start":{"line":68,"column":9},"end":{"line":84,"column":11}},{"start":{"line":85,"column":9},"end":{"line":85,"column":50}}]},"6":{"line":68,"type":"cond-expr","locations":[{"start":{"line":69,"column":10},"end":{"line":79,"column":11}},{"start":{"line":80,"column":10},"end":{"line":84,"column":11}}]},"7":{"line":71,"type":"cond-expr","locations":[{"start":{"line":71,"column":42},"end":{"line":71,"column":56}},{"start":{"line":71,"column":59},"end":{"line":71,"column":61}}]},"8":{"line":74,"type":"binary-expr","locations":[{"start":{"line":74,"column":21},"end":{"line":77,"column":15}},{"start":{"line":77,"column":19},"end":{"line":77,"column":30}}]},"9":{"line":82,"type":"binary-expr","locations":[{"start":{"line":82,"column":21},"end":{"line":82,"column":55}},{"start":{"line":82,"column":59},"end":{"line":82,"column":63}}]},"10":{"line":85,"type":"cond-expr","locations":[{"start":{"line":85,"column":17},"end":{"line":85,"column":39}},{"start":{"line":85,"column":42},"end":{"line":85,"column":50}}]},"11":{"line":86,"type":"cond-expr","locations":[{"start":{"line":86,"column":23},"end":{"line":86,"column":83}},{"start":{"line":86,"column":86},"end":{"line":86,"column":88}}]},"12":{"line":87,"type":"cond-expr","locations":[{"start":{"line":87,"column":26},"end":{"line":87,"column":84}},{"start":{"line":87,"column":87},"end":{"line":87,"column":89}}]},"13":{"line":88,"type":"cond-expr","locations":[{"start":{"line":88,"column":27},"end":{"line":88,"column":66}},{"start":{"line":88,"column":69},"end":{"line":88,"column":74}}]},"14":{"line":97,"type":"if","locations":[{"start":{"line":97,"column":4},"end":{"line":97,"column":4}},{"start":{"line":97,"column":4},"end":{"line":97,"column":4}}]}}}}