TN:
SF:/Users/andreagiammarchi/code/classtrophobic/test.js
FN:16,(anonymous_1)
FN:31,(anonymous_2)
FN:58,(anonymous_3)
FN:77,(anonymous_4)
FN:80,(anonymous_5)
FN:94,(anonymous_6)
FN:98,(anonymous_7)
FN:110,(anonymous_8)
FN:111,(anonymous_9)
FN:115,(anonymous_10)
FN:122,(anonymous_11)
FN:126,(anonymous_12)
FN:133,(anonymous_13)
FN:137,(anonymous_14)
FN:144,(anonymous_15)
FN:161,(anonymous_16)
FN:167,(anonymous_17)
FN:174,(anonymous_18)
FN:187,(anonymous_19)
FN:195,(anonymous_20)
FN:204,(anonymous_21)
FN:218,(anonymous_22)
FN:229,(anonymous_23)
FN:238,(anonymous_24)
FN:255,(anonymous_25)
FN:269,(anonymous_26)
FNF:26
FNH:25
FNDA:2,(anonymous_1)
FNDA:1,(anonymous_2)
FNDA:4,(anonymous_3)
FNDA:1,(anonymous_4)
FNDA:2,(anonymous_5)
FNDA:0,(anonymous_6)
FNDA:1,(anonymous_7)
FNDA:1,(anonymous_8)
FNDA:2,(anonymous_9)
FNDA:1,(anonymous_10)
FNDA:1,(anonymous_11)
FNDA:2,(anonymous_12)
FNDA:1,(anonymous_13)
FNDA:2,(anonymous_14)
FNDA:1,(anonymous_15)
FNDA:1,(anonymous_16)
FNDA:1,(anonymous_17)
FNDA:1,(anonymous_18)
FNDA:1,(anonymous_19)
FNDA:1,(anonymous_20)
FNDA:1,(anonymous_21)
FNDA:1,(anonymous_22)
FNDA:1,(anonymous_23)
FNDA:1,(anonymous_24)
FNDA:1,(anonymous_25)
FNDA:1,(anonymous_26)
DA:1,1
DA:2,1
DA:3,1
DA:5,1
DA:6,1
DA:8,1
DA:9,1
DA:10,1
DA:14,1
DA:15,1
DA:17,2
DA:18,2
DA:21,1
DA:22,1
DA:23,1
DA:24,1
DA:28,1
DA:29,1
DA:32,1
DA:35,1
DA:39,1
DA:40,1
DA:44,1
DA:45,1
DA:46,1
DA:47,1
DA:48,1
DA:49,1
DA:50,1
DA:51,1
DA:55,1
DA:56,1
DA:59,4
DA:63,1
DA:64,1
DA:65,1
DA:66,1
DA:67,1
DA:68,1
DA:69,1
DA:70,1
DA:74,1
DA:75,1
DA:78,1
DA:81,2
DA:82,2
DA:86,1
DA:87,1
DA:91,1
DA:92,1
DA:95,0
DA:96,0
DA:99,1
DA:102,1
DA:103,1
DA:107,1
DA:108,1
DA:109,1
DA:110,1
DA:111,2
DA:113,1
DA:116,1
DA:117,1
DA:120,1
DA:123,1
DA:124,1
DA:127,2
DA:128,2
DA:131,1
DA:134,1
DA:135,1
DA:138,2
DA:139,2
DA:142,1
DA:145,1
DA:146,1
DA:150,1
DA:151,1
DA:152,1
DA:153,1
DA:154,1
DA:155,1
DA:159,1
DA:160,1
DA:162,1
DA:165,1
DA:168,1
DA:169,1
DA:172,1
DA:175,1
DA:176,1
DA:179,1
DA:180,1
DA:184,1
DA:185,1
DA:188,1
DA:192,1
DA:196,1
DA:197,1
DA:201,1
DA:205,1
DA:206,1
DA:210,1
DA:211,1
DA:215,1
DA:216,1
DA:219,1
DA:223,1
DA:226,1
DA:230,1
DA:231,1
DA:235,1
DA:239,1
DA:240,1
DA:244,1
DA:247,1
DA:248,1
DA:252,1
DA:253,1
DA:256,1
DA:257,1
DA:258,1
DA:259,1
DA:260,1
DA:261,1
DA:262,1
DA:265,1
DA:266,1
DA:270,1
DA:271,1
DA:272,1
DA:275,1
DA:276,1
DA:277,1
DA:278,1
DA:282,1
DA:283,1
DA:284,1
DA:285,1
LF:139
LH:137
BRF:0
BRH:0
end_of_record
TN:
SF:/Users/andreagiammarchi/code/classtrophobic/classtrophobic.js
FN:20,(anonymous_1)
FN:25,(anonymous_2)
FN:39,(anonymous_3)
FN:50,(anonymous_4)
FN:62,Classtrophobic
FN:70,(anonymous_6)
FN:71,(anonymous_7)
FN:81,(anonymous_8)
FN:86,(anonymous_9)
FN:87,(anonymous_10)
FNF:10
FNH:8
FNDA:9,(anonymous_1)
FNDA:0,(anonymous_2)
FNDA:11,(anonymous_3)
FNDA:4,(anonymous_4)
FNDA:25,Classtrophobic
FNDA:9,(anonymous_6)
FNDA:0,(anonymous_7)
FNDA:3,(anonymous_8)
FNDA:4,(anonymous_9)
FNDA:11,(anonymous_10)
DA:2,1
DA:3,1
DA:14,1
DA:15,1
DA:16,0
DA:17,1
DA:19,10
DA:20,9
DA:21,9
DA:24,1
DA:25,1
DA:26,0
DA:29,1
DA:30,1
DA:31,1
DA:32,1
DA:33,0
DA:34,0
DA:35,1
DA:36,1
DA:39,11
DA:40,11
DA:41,11
DA:42,12
DA:44,11
DA:45,11
DA:46,11
DA:50,4
DA:51,4
DA:52,4
DA:53,4
DA:54,4
DA:55,4
DA:56,4
DA:57,4
DA:62,1
DA:63,25
DA:71,9
DA:72,9
DA:73,9
DA:74,9
DA:82,3
DA:86,4
DA:87,11
DA:90,25
DA:91,46
DA:93,12
DA:94,12
DA:96,25
DA:97,25
DA:98,7
DA:99,7
DA:101,25
DA:104,1
LF:54
LH:50
BRDA:19,1,0,9
BRDA:19,1,1,1
BRDA:19,2,0,10
BRDA:19,2,1,9
BRDA:25,3,0,0
BRDA:25,3,1,1
BRDA:26,4,0,0
BRDA:26,4,1,0
BRDA:67,5,0,8
BRDA:67,5,1,17
BRDA:68,6,0,6
BRDA:68,6,1,2
BRDA:71,7,0,9
BRDA:71,7,1,0
BRDA:74,8,0,9
BRDA:74,8,1,9
BRDA:82,9,0,3
BRDA:82,9,1,3
BRDA:85,10,0,13
BRDA:85,10,1,4
BRDA:86,11,0,19
BRDA:86,11,1,6
BRDA:87,12,0,19
BRDA:87,12,1,6
BRDA:88,13,0,19
BRDA:88,13,1,6
BRDA:97,14,0,7
BRDA:97,14,1,18
BRF:28
BRH:24
end_of_record
